<?xml version="1.0" encoding="UTF-8"?>
<!-- Generated by org.testng.reporters.JUnitReportReporter -->
<testsuite hostname="ASDP1493PO01976" name="com.qait.tap.hristest.NewEmptyTestNGTest" tests="1" failures="0" timestamp="25 Jun 2018 13:19:07 GMT" time="3.215" errors="0">
  <testcase name="login_with_correct_credentials" time="3.215" classname="com.qait.tap.hristest.NewEmptyTestNGTest"/>
</testsuite> <!-- com.qait.tap.hristest.NewEmptyTestNGTest -->
